<?xml version="1.0" encoding="UTF-8"?>
<!-- Generated by org.testng.reporters.JUnitReportReporter -->
<testsuite hostname="DESKTOP-9KBGIMS" failures="0" tests="1" name="TestScripts.Script" time="27.455" errors="0" timestamp="2024-07-30T17:06:04 GST" skipped="0">
  <testcase classname="TestScripts.Script" name="f" time="27.455"/>
  <system-out/>
</testsuite> <!-- TestScripts.Script -->
